e:\private\project\das\code\das\vs2013\bin\win32\debug\vc120.pdb
e:\private\project\das\code\das\vs2013\bin\win32\debug\moc_das.obj
e:\private\project\das\code\das\vs2013\bin\win32\debug\main.obj
e:\private\project\das\code\das\vs2013\bin\win32\debug\das.obj
e:\private\project\das\code\das\vs2013\bin\win32\debug\qrc_dict.obj
e:\private\project\das\code\das\vs2013\bin\win32\debug\qrc_das.obj
e:\private\project\das\code\das\vs2013\bin\win32\debug\moc_cgraphicsview.obj
e:\private\project\das\code\das\vs2013\bin\win32\debug\moc_cgraphicsscene.obj
e:\private\project\das\code\das\vs2013\bin\win32\debug\cgraphicsscene.obj
e:\private\project\das\code\das\vs2013\bin\win32\debug\cgraphicsview.obj
e:\private\project\das\code\das\vs2013\generatedfiles\debug\moc_das.cpp
e:\private\project\das\code\das\vs2013\generatedfiles\qrc_dict.cpp
e:\private\project\das\code\das\vs2013\generatedfiles\qrc_das.cpp
e:\private\project\das\code\das\vs2013\generatedfiles\debug\moc_cgraphicsscene.cpp
e:\private\project\das\code\das\vs2013\generatedfiles\debug\moc_cgraphicsview.cpp
e:\private\project\das\code\bin\win32\debug\das_32d.ilk
e:\private\project\das\code\bin\win32\debug\das_32d.exe
e:\private\project\das\code\bin\win32\debug\das_32d.pdb
e:\private\project\das\code\das\vs2013\..\..\bin\win32\debug\das_32d.exe
e:\private\project\das\code\das\vs2013\bin\win32\debug\das.tlog\cl.command.1.tlog
e:\private\project\das\code\das\vs2013\bin\win32\debug\das.tlog\cl.read.1.tlog
e:\private\project\das\code\das\vs2013\bin\win32\debug\das.tlog\cl.write.1.tlog
e:\private\project\das\code\das\vs2013\bin\win32\debug\das.tlog\custombuild.command.1.tlog
e:\private\project\das\code\das\vs2013\bin\win32\debug\das.tlog\custombuild.read.1.tlog
e:\private\project\das\code\das\vs2013\bin\win32\debug\das.tlog\custombuild.write.1.tlog
e:\private\project\das\code\das\vs2013\bin\win32\debug\das.tlog\link.command.1.tlog
e:\private\project\das\code\das\vs2013\bin\win32\debug\das.tlog\link.read.1.tlog
e:\private\project\das\code\das\vs2013\bin\win32\debug\das.tlog\link.write.1.tlog
